2025-04-30 13:36:41,874 DEBUG    root            Loaded Command Group: ['gcloud', 'components']
2025-04-30 13:36:41,877 DEBUG    root            Loaded Command Group: ['gcloud', 'components', 'update']
2025-04-30 13:36:41,879 DEBUG    root            Running [gcloud.components.update] with arguments: [--compile-python: "True", --quiet: "True", COMPONENT-IDS:6: "['core', 'gcloud-deps', 'bq', 'gcloud', 'gcloud-crc32c', 'gsutil']"]
2025-04-30 13:36:41,880 INFO     ___FILE_ONLY___ Beginning update. This process may take several minutes.

2025-04-30 13:36:41,914 DEBUG    urllib3.connectionpool Starting new HTTPS connection (1): dl.google.com:443
2025-04-30 13:36:41,927 DEBUG    urllib3.connectionpool https://dl.google.com:443 "GET /dl/cloudsdk/channels/rapid/components-2.json HTTP/11" 200 233992
2025-04-30 13:36:41,938 INFO     ___FILE_ONLY___ 

2025-04-30 13:36:41,938 INFO     ___FILE_ONLY___ 
Your current Google Cloud CLI version is: 520.0.0

2025-04-30 13:36:41,938 INFO     ___FILE_ONLY___ Installing components from version: 520.0.0

2025-04-30 13:36:41,939 INFO     ___FILE_ONLY___ 

2025-04-30 13:36:41,939 DEBUG    root            Chosen display Format:table[box,title="These components will be removed."](details.display_name:label=Name:align=left,version.version_string:label=Version:align=right,data.size.size(zero="",min=1048576):label=Size:align=right)
2025-04-30 13:36:41,939 DEBUG    root            Chosen display Format:table[box,title="These components will be updated."](details.display_name:label=Name:align=left,version.version_string:label=Version:align=right,data.size.size(zero="",min=1048576):label=Size:align=right)
2025-04-30 13:36:41,940 DEBUG    root            Chosen display Format:table[box,title="These components will be installed."](details.display_name:label=Name:align=left,version.version_string:label=Version:align=right,data.size.size(zero="",min=1048576):label=Size:align=right)
2025-04-30 13:36:41,977 INFO     ___FILE_ONLY___ ┌─────────────────────────────────────────────────────────────────────────────┐
2025-04-30 13:36:41,978 INFO     ___FILE_ONLY___ 

2025-04-30 13:36:41,978 INFO     ___FILE_ONLY___ │                     These components will be installed.                     │
2025-04-30 13:36:41,978 INFO     ___FILE_ONLY___ 

2025-04-30 13:36:41,978 INFO     ___FILE_ONLY___ ├─────────────────────────────────────────────────────┬────────────┬──────────┤
2025-04-30 13:36:41,978 INFO     ___FILE_ONLY___ 

2025-04-30 13:36:41,978 INFO     ___FILE_ONLY___ │                         Name                        │  Version   │   Size   │
2025-04-30 13:36:41,978 INFO     ___FILE_ONLY___ 

2025-04-30 13:36:41,978 INFO     ___FILE_ONLY___ ├─────────────────────────────────────────────────────┼────────────┼──────────┤
2025-04-30 13:36:41,978 INFO     ___FILE_ONLY___ 

2025-04-30 13:36:41,978 INFO     ___FILE_ONLY___ │ 
2025-04-30 13:36:41,978 INFO     ___FILE_ONLY___ BigQuery Command Line Tool                         
2025-04-30 13:36:41,978 INFO     ___FILE_ONLY___  
2025-04-30 13:36:41,978 INFO     ___FILE_ONLY___ │ 
2025-04-30 13:36:41,978 INFO     ___FILE_ONLY___     2.1.15
2025-04-30 13:36:41,978 INFO     ___FILE_ONLY___  
2025-04-30 13:36:41,978 INFO     ___FILE_ONLY___ │ 
2025-04-30 13:36:41,979 INFO     ___FILE_ONLY___  1.8 MiB
2025-04-30 13:36:41,979 INFO     ___FILE_ONLY___  
2025-04-30 13:36:41,979 INFO     ___FILE_ONLY___ │
2025-04-30 13:36:41,979 INFO     ___FILE_ONLY___ 

2025-04-30 13:36:41,979 INFO     ___FILE_ONLY___ │ 
2025-04-30 13:36:41,979 INFO     ___FILE_ONLY___ BigQuery Command Line Tool (Platform Specific)     
2025-04-30 13:36:41,979 INFO     ___FILE_ONLY___  
2025-04-30 13:36:41,979 INFO     ___FILE_ONLY___ │ 
2025-04-30 13:36:41,979 INFO     ___FILE_ONLY___      2.1.8
2025-04-30 13:36:41,979 INFO     ___FILE_ONLY___  
2025-04-30 13:36:41,979 INFO     ___FILE_ONLY___ │ 
2025-04-30 13:36:41,979 INFO     ___FILE_ONLY___  < 1 MiB
2025-04-30 13:36:41,979 INFO     ___FILE_ONLY___  
2025-04-30 13:36:41,979 INFO     ___FILE_ONLY___ │
2025-04-30 13:36:41,979 INFO     ___FILE_ONLY___ 

2025-04-30 13:36:41,979 INFO     ___FILE_ONLY___ │ 
2025-04-30 13:36:41,979 INFO     ___FILE_ONLY___ Bundled Python 3.12 (Platform Specific)            
2025-04-30 13:36:41,979 INFO     ___FILE_ONLY___  
2025-04-30 13:36:41,979 INFO     ___FILE_ONLY___ │ 
2025-04-30 13:36:41,979 INFO     ___FILE_ONLY___     3.12.8
2025-04-30 13:36:41,980 INFO     ___FILE_ONLY___  
2025-04-30 13:36:41,980 INFO     ___FILE_ONLY___ │ 
2025-04-30 13:36:41,980 INFO     ___FILE_ONLY___ 89.2 MiB
2025-04-30 13:36:41,980 INFO     ___FILE_ONLY___  
2025-04-30 13:36:41,980 INFO     ___FILE_ONLY___ │
2025-04-30 13:36:41,980 INFO     ___FILE_ONLY___ 

2025-04-30 13:36:41,980 INFO     ___FILE_ONLY___ │ 
2025-04-30 13:36:41,980 INFO     ___FILE_ONLY___ Cloud Storage Command Line Tool                    
2025-04-30 13:36:41,980 INFO     ___FILE_ONLY___  
2025-04-30 13:36:41,980 INFO     ___FILE_ONLY___ │ 
2025-04-30 13:36:41,980 INFO     ___FILE_ONLY___       5.34
2025-04-30 13:36:41,980 INFO     ___FILE_ONLY___  
2025-04-30 13:36:41,980 INFO     ___FILE_ONLY___ │ 
2025-04-30 13:36:41,980 INFO     ___FILE_ONLY___ 11.8 MiB
2025-04-30 13:36:41,980 INFO     ___FILE_ONLY___  
2025-04-30 13:36:41,980 INFO     ___FILE_ONLY___ │
2025-04-30 13:36:41,980 INFO     ___FILE_ONLY___ 

2025-04-30 13:36:41,981 INFO     ___FILE_ONLY___ │ 
2025-04-30 13:36:41,981 INFO     ___FILE_ONLY___ Cloud Storage Command Line Tool (Platform Specific)
2025-04-30 13:36:41,981 INFO     ___FILE_ONLY___  
2025-04-30 13:36:41,981 INFO     ___FILE_ONLY___ │ 
2025-04-30 13:36:41,981 INFO     ___FILE_ONLY___       5.30
2025-04-30 13:36:41,981 INFO     ___FILE_ONLY___  
2025-04-30 13:36:41,981 INFO     ___FILE_ONLY___ │ 
2025-04-30 13:36:41,981 INFO     ___FILE_ONLY___  < 1 MiB
2025-04-30 13:36:41,981 INFO     ___FILE_ONLY___  
2025-04-30 13:36:41,981 INFO     ___FILE_ONLY___ │
2025-04-30 13:36:41,981 INFO     ___FILE_ONLY___ 

2025-04-30 13:36:41,981 INFO     ___FILE_ONLY___ │ 
2025-04-30 13:36:41,981 INFO     ___FILE_ONLY___ Google Cloud CLI Core Libraries (Platform Specific)
2025-04-30 13:36:41,982 INFO     ___FILE_ONLY___  
2025-04-30 13:36:41,982 INFO     ___FILE_ONLY___ │ 
2025-04-30 13:36:41,982 INFO     ___FILE_ONLY___ 2024.08.30
2025-04-30 13:36:41,982 INFO     ___FILE_ONLY___  
2025-04-30 13:36:41,982 INFO     ___FILE_ONLY___ │ 
2025-04-30 13:36:41,982 INFO     ___FILE_ONLY___  < 1 MiB
2025-04-30 13:36:41,982 INFO     ___FILE_ONLY___  
2025-04-30 13:36:41,982 INFO     ___FILE_ONLY___ │
2025-04-30 13:36:41,982 INFO     ___FILE_ONLY___ 

2025-04-30 13:36:41,982 INFO     ___FILE_ONLY___ │ 
2025-04-30 13:36:41,982 INFO     ___FILE_ONLY___ Google Cloud CRC32C Hash Tool (Platform Specific)  
2025-04-30 13:36:41,982 INFO     ___FILE_ONLY___  
2025-04-30 13:36:41,983 INFO     ___FILE_ONLY___ │ 
2025-04-30 13:36:41,983 INFO     ___FILE_ONLY___      1.0.0
2025-04-30 13:36:41,983 INFO     ___FILE_ONLY___  
2025-04-30 13:36:41,983 INFO     ___FILE_ONLY___ │ 
2025-04-30 13:36:41,983 INFO     ___FILE_ONLY___  1.4 MiB
2025-04-30 13:36:41,983 INFO     ___FILE_ONLY___  
2025-04-30 13:36:41,983 INFO     ___FILE_ONLY___ │
2025-04-30 13:36:41,983 INFO     ___FILE_ONLY___ 

2025-04-30 13:36:41,983 INFO     ___FILE_ONLY___ │ 
2025-04-30 13:36:41,983 INFO     ___FILE_ONLY___ gcloud cli dependencies (Platform Specific)        
2025-04-30 13:36:41,983 INFO     ___FILE_ONLY___  
2025-04-30 13:36:41,983 INFO     ___FILE_ONLY___ │ 
2025-04-30 13:36:41,983 INFO     ___FILE_ONLY___ 2021.04.16
2025-04-30 13:36:41,983 INFO     ___FILE_ONLY___  
2025-04-30 13:36:41,983 INFO     ___FILE_ONLY___ │ 
2025-04-30 13:36:41,983 INFO     ___FILE_ONLY___  < 1 MiB
2025-04-30 13:36:41,984 INFO     ___FILE_ONLY___  
2025-04-30 13:36:41,984 INFO     ___FILE_ONLY___ │
2025-04-30 13:36:41,984 INFO     ___FILE_ONLY___ 

2025-04-30 13:36:41,984 INFO     ___FILE_ONLY___ └─────────────────────────────────────────────────────┴────────────┴──────────┘
2025-04-30 13:36:41,984 INFO     ___FILE_ONLY___ 

2025-04-30 13:36:41,984 INFO     ___FILE_ONLY___ 

2025-04-30 13:36:41,987 DEBUG    urllib3.connectionpool Starting new HTTPS connection (1): dl.google.com:443
2025-04-30 13:36:42,003 DEBUG    urllib3.connectionpool https://dl.google.com:443 "GET /dl/cloudsdk/channels/rapid/RELEASE_NOTES HTTP/11" 200 1405747
2025-04-30 13:36:42,487 INFO     ___FILE_ONLY___ For the latest full release notes, please visit:
  https://cloud.google.com/sdk/release_notes


2025-04-30 13:36:42,488 INFO     ___FILE_ONLY___ Performing in place update...


2025-04-30 13:36:42,490 INFO     ___FILE_ONLY___ ╔════════════════════════════════════════════════════════════╗

2025-04-30 13:36:42,490 INFO     ___FILE_ONLY___ ╠═ Downloading: BigQuery Command Line Tool                  ═╣

2025-04-30 13:36:42,490 INFO     ___FILE_ONLY___ ╚
2025-04-30 13:36:42,493 DEBUG    urllib3.connectionpool Starting new HTTPS connection (1): dl.google.com:443
2025-04-30 13:36:42,538 DEBUG    urllib3.connectionpool https://dl.google.com:443 "GET /dl/cloudsdk/channels/rapid/components/google-cloud-sdk-bq-20250411141747.tar.gz HTTP/11" 200 1843425
2025-04-30 13:36:42,550 INFO     ___FILE_ONLY___ ═
2025-04-30 13:36:42,550 INFO     ___FILE_ONLY___ ═
2025-04-30 13:36:42,550 INFO     ___FILE_ONLY___ ═
2025-04-30 13:36:42,550 INFO     ___FILE_ONLY___ ═
2025-04-30 13:36:42,550 INFO     ___FILE_ONLY___ ═
2025-04-30 13:36:42,550 INFO     ___FILE_ONLY___ ═
2025-04-30 13:36:42,551 INFO     ___FILE_ONLY___ ═
2025-04-30 13:36:42,551 INFO     ___FILE_ONLY___ ═
2025-04-30 13:36:42,551 INFO     ___FILE_ONLY___ ═
2025-04-30 13:36:42,551 INFO     ___FILE_ONLY___ ═
2025-04-30 13:36:42,551 INFO     ___FILE_ONLY___ ═
2025-04-30 13:36:42,551 INFO     ___FILE_ONLY___ ═
2025-04-30 13:36:42,551 INFO     ___FILE_ONLY___ ═
2025-04-30 13:36:42,551 INFO     ___FILE_ONLY___ ═
2025-04-30 13:36:42,552 INFO     ___FILE_ONLY___ ═
2025-04-30 13:36:42,552 INFO     ___FILE_ONLY___ ═
2025-04-30 13:36:42,552 INFO     ___FILE_ONLY___ ═
2025-04-30 13:36:42,552 INFO     ___FILE_ONLY___ ═
2025-04-30 13:36:42,552 INFO     ___FILE_ONLY___ ═
2025-04-30 13:36:42,552 INFO     ___FILE_ONLY___ ═
2025-04-30 13:36:42,552 INFO     ___FILE_ONLY___ ═
2025-04-30 13:36:42,553 INFO     ___FILE_ONLY___ ═
2025-04-30 13:36:42,553 INFO     ___FILE_ONLY___ ═
2025-04-30 13:36:42,553 INFO     ___FILE_ONLY___ ═
2025-04-30 13:36:42,553 INFO     ___FILE_ONLY___ ═
2025-04-30 13:36:42,553 INFO     ___FILE_ONLY___ ═
2025-04-30 13:36:42,553 INFO     ___FILE_ONLY___ ═
2025-04-30 13:36:42,553 INFO     ___FILE_ONLY___ ═
2025-04-30 13:36:42,553 INFO     ___FILE_ONLY___ ═
2025-04-30 13:36:42,553 INFO     ___FILE_ONLY___ ═
2025-04-30 13:36:42,554 INFO     ___FILE_ONLY___ ═
2025-04-30 13:36:42,554 INFO     ___FILE_ONLY___ ═
2025-04-30 13:36:42,554 INFO     ___FILE_ONLY___ ═
2025-04-30 13:36:42,554 INFO     ___FILE_ONLY___ ═
2025-04-30 13:36:42,554 INFO     ___FILE_ONLY___ ═
2025-04-30 13:36:42,554 INFO     ___FILE_ONLY___ ═
2025-04-30 13:36:42,554 INFO     ___FILE_ONLY___ ═
2025-04-30 13:36:42,555 INFO     ___FILE_ONLY___ ═
2025-04-30 13:36:42,555 INFO     ___FILE_ONLY___ ═
2025-04-30 13:36:42,555 INFO     ___FILE_ONLY___ ═
2025-04-30 13:36:42,555 INFO     ___FILE_ONLY___ ═
2025-04-30 13:36:42,555 INFO     ___FILE_ONLY___ ═
2025-04-30 13:36:42,555 INFO     ___FILE_ONLY___ ═
2025-04-30 13:36:42,555 INFO     ___FILE_ONLY___ ═
2025-04-30 13:36:42,555 INFO     ___FILE_ONLY___ ═
2025-04-30 13:36:42,555 INFO     ___FILE_ONLY___ ═
2025-04-30 13:36:42,556 INFO     ___FILE_ONLY___ ═
2025-04-30 13:36:42,556 INFO     ___FILE_ONLY___ ═
2025-04-30 13:36:42,556 INFO     ___FILE_ONLY___ ═
2025-04-30 13:36:42,556 INFO     ___FILE_ONLY___ ═
2025-04-30 13:36:42,556 INFO     ___FILE_ONLY___ ═
2025-04-30 13:36:42,556 INFO     ___FILE_ONLY___ ═
2025-04-30 13:36:42,556 INFO     ___FILE_ONLY___ ═
2025-04-30 13:36:42,556 INFO     ___FILE_ONLY___ ═
2025-04-30 13:36:42,557 INFO     ___FILE_ONLY___ ═
2025-04-30 13:36:42,557 INFO     ___FILE_ONLY___ ═
2025-04-30 13:36:42,557 INFO     ___FILE_ONLY___ ═
2025-04-30 13:36:42,557 INFO     ___FILE_ONLY___ ═
2025-04-30 13:36:42,557 INFO     ___FILE_ONLY___ ═
2025-04-30 13:36:42,557 INFO     ___FILE_ONLY___ ═
2025-04-30 13:36:42,557 INFO     ___FILE_ONLY___ ╝

2025-04-30 13:36:42,559 INFO     ___FILE_ONLY___ ╔════════════════════════════════════════════════════════════╗

2025-04-30 13:36:42,559 INFO     ___FILE_ONLY___ ╠═ Downloading: BigQuery Command Line Tool (Platform Spe... ═╣

2025-04-30 13:36:42,559 INFO     ___FILE_ONLY___ ╚
2025-04-30 13:36:42,563 DEBUG    urllib3.connectionpool Starting new HTTPS connection (1): dl.google.com:443
2025-04-30 13:36:42,575 DEBUG    urllib3.connectionpool https://dl.google.com:443 "GET /dl/cloudsdk/channels/rapid/components/google-cloud-sdk-bq-nix-20240830134514.tar.gz HTTP/11" 200 1914
2025-04-30 13:36:42,575 INFO     ___FILE_ONLY___ ════════════════════════════════════════════════════════════
2025-04-30 13:36:42,575 INFO     ___FILE_ONLY___ ╝

2025-04-30 13:36:42,577 INFO     ___FILE_ONLY___ ╔════════════════════════════════════════════════════════════╗

2025-04-30 13:36:42,577 INFO     ___FILE_ONLY___ ╠═ Downloading: Bundled Python 3.12                         ═╣

2025-04-30 13:36:42,578 INFO     ___FILE_ONLY___ ╚
2025-04-30 13:36:42,578 INFO     ___FILE_ONLY___ ════════════════════════════════════════════════════════════
2025-04-30 13:36:42,578 INFO     ___FILE_ONLY___ ╝

2025-04-30 13:36:42,579 INFO     ___FILE_ONLY___ ╔════════════════════════════════════════════════════════════╗

2025-04-30 13:36:42,580 INFO     ___FILE_ONLY___ ╠═ Downloading: Bundled Python 3.12 (Platform Specific)     ═╣

2025-04-30 13:36:42,580 INFO     ___FILE_ONLY___ ╚
2025-04-30 13:36:42,583 DEBUG    urllib3.connectionpool Starting new HTTPS connection (1): dl.google.com:443
2025-04-30 13:36:42,595 DEBUG    urllib3.connectionpool https://dl.google.com:443 "GET /dl/cloudsdk/channels/rapid/components/google-cloud-sdk-bundled-python3-unix-linux-x86_64-20250131143518.tar.gz HTTP/11" 200 93520256
2025-04-30 13:36:42,928 INFO     ___FILE_ONLY___ ═
2025-04-30 13:36:42,930 INFO     ___FILE_ONLY___ ═
2025-04-30 13:36:42,932 INFO     ___FILE_ONLY___ ═
2025-04-30 13:36:42,934 INFO     ___FILE_ONLY___ ═
2025-04-30 13:36:42,935 INFO     ___FILE_ONLY___ ═
2025-04-30 13:36:42,937 INFO     ___FILE_ONLY___ ═
2025-04-30 13:36:42,939 INFO     ___FILE_ONLY___ ═
2025-04-30 13:36:42,940 INFO     ___FILE_ONLY___ ═
2025-04-30 13:36:42,942 INFO     ___FILE_ONLY___ ═
2025-04-30 13:36:42,944 INFO     ___FILE_ONLY___ ═
2025-04-30 13:36:42,945 INFO     ___FILE_ONLY___ ═
2025-04-30 13:36:42,947 INFO     ___FILE_ONLY___ ═
2025-04-30 13:36:42,949 INFO     ___FILE_ONLY___ ═
2025-04-30 13:36:42,951 INFO     ___FILE_ONLY___ ═
2025-04-30 13:36:42,952 INFO     ___FILE_ONLY___ ═
2025-04-30 13:36:42,954 INFO     ___FILE_ONLY___ ═
2025-04-30 13:36:42,956 INFO     ___FILE_ONLY___ ═
2025-04-30 13:36:42,958 INFO     ___FILE_ONLY___ ═
2025-04-30 13:36:42,959 INFO     ___FILE_ONLY___ ═
2025-04-30 13:36:42,961 INFO     ___FILE_ONLY___ ═
2025-04-30 13:36:42,963 INFO     ___FILE_ONLY___ ═
2025-04-30 13:36:42,965 INFO     ___FILE_ONLY___ ═
2025-04-30 13:36:42,966 INFO     ___FILE_ONLY___ ═
2025-04-30 13:36:42,968 INFO     ___FILE_ONLY___ ═
2025-04-30 13:36:42,970 INFO     ___FILE_ONLY___ ═
2025-04-30 13:36:42,971 INFO     ___FILE_ONLY___ ═
2025-04-30 13:36:42,973 INFO     ___FILE_ONLY___ ═
2025-04-30 13:36:42,975 INFO     ___FILE_ONLY___ ═
2025-04-30 13:36:42,976 INFO     ___FILE_ONLY___ ═
2025-04-30 13:36:42,978 INFO     ___FILE_ONLY___ ═
2025-04-30 13:36:42,979 INFO     ___FILE_ONLY___ ═
2025-04-30 13:36:42,981 INFO     ___FILE_ONLY___ ═
2025-04-30 13:36:42,983 INFO     ___FILE_ONLY___ ═
2025-04-30 13:36:42,984 INFO     ___FILE_ONLY___ ═
2025-04-30 13:36:42,986 INFO     ___FILE_ONLY___ ═
2025-04-30 13:36:42,988 INFO     ___FILE_ONLY___ ═
2025-04-30 13:36:42,989 INFO     ___FILE_ONLY___ ═
2025-04-30 13:36:42,991 INFO     ___FILE_ONLY___ ═
2025-04-30 13:36:42,993 INFO     ___FILE_ONLY___ ═
2025-04-30 13:36:42,994 INFO     ___FILE_ONLY___ ═
2025-04-30 13:36:42,996 INFO     ___FILE_ONLY___ ═
2025-04-30 13:36:42,998 INFO     ___FILE_ONLY___ ═
2025-04-30 13:36:42,999 INFO     ___FILE_ONLY___ ═
2025-04-30 13:36:43,001 INFO     ___FILE_ONLY___ ═
2025-04-30 13:36:43,002 INFO     ___FILE_ONLY___ ═
2025-04-30 13:36:43,004 INFO     ___FILE_ONLY___ ═
2025-04-30 13:36:43,006 INFO     ___FILE_ONLY___ ═
2025-04-30 13:36:43,007 INFO     ___FILE_ONLY___ ═
2025-04-30 13:36:43,009 INFO     ___FILE_ONLY___ ═
2025-04-30 13:36:43,011 INFO     ___FILE_ONLY___ ═
2025-04-30 13:36:43,012 INFO     ___FILE_ONLY___ ═
2025-04-30 13:36:43,014 INFO     ___FILE_ONLY___ ═
2025-04-30 13:36:43,016 INFO     ___FILE_ONLY___ ═
2025-04-30 13:36:43,017 INFO     ___FILE_ONLY___ ═
2025-04-30 13:36:43,019 INFO     ___FILE_ONLY___ ═
2025-04-30 13:36:43,020 INFO     ___FILE_ONLY___ ═
2025-04-30 13:36:43,022 INFO     ___FILE_ONLY___ ═
2025-04-30 13:36:43,024 INFO     ___FILE_ONLY___ ═
2025-04-30 13:36:43,025 INFO     ___FILE_ONLY___ ═
2025-04-30 13:36:43,027 INFO     ___FILE_ONLY___ ═
2025-04-30 13:36:43,027 INFO     ___FILE_ONLY___ ╝

2025-04-30 13:36:43,029 INFO     ___FILE_ONLY___ ╔════════════════════════════════════════════════════════════╗

2025-04-30 13:36:43,030 INFO     ___FILE_ONLY___ ╠═ Downloading: Cloud Storage Command Line Tool             ═╣

2025-04-30 13:36:43,030 INFO     ___FILE_ONLY___ ╚
2025-04-30 13:36:43,033 DEBUG    urllib3.connectionpool Starting new HTTPS connection (1): dl.google.com:443
2025-04-30 13:36:43,046 DEBUG    urllib3.connectionpool https://dl.google.com:443 "GET /dl/cloudsdk/channels/rapid/components/google-cloud-sdk-gsutil-20250418150427.tar.gz HTTP/11" 200 12382702
2025-04-30 13:36:43,090 INFO     ___FILE_ONLY___ ═
2025-04-30 13:36:43,090 INFO     ___FILE_ONLY___ ═
2025-04-30 13:36:43,091 INFO     ___FILE_ONLY___ ═
2025-04-30 13:36:43,091 INFO     ___FILE_ONLY___ ═
2025-04-30 13:36:43,091 INFO     ___FILE_ONLY___ ═
2025-04-30 13:36:43,091 INFO     ___FILE_ONLY___ ═
2025-04-30 13:36:43,092 INFO     ___FILE_ONLY___ ═
2025-04-30 13:36:43,092 INFO     ___FILE_ONLY___ ═
2025-04-30 13:36:43,092 INFO     ___FILE_ONLY___ ═
2025-04-30 13:36:43,093 INFO     ___FILE_ONLY___ ═
2025-04-30 13:36:43,093 INFO     ___FILE_ONLY___ ═
2025-04-30 13:36:43,093 INFO     ___FILE_ONLY___ ═
2025-04-30 13:36:43,093 INFO     ___FILE_ONLY___ ═
2025-04-30 13:36:43,094 INFO     ___FILE_ONLY___ ═
2025-04-30 13:36:43,094 INFO     ___FILE_ONLY___ ═
2025-04-30 13:36:43,094 INFO     ___FILE_ONLY___ ═
2025-04-30 13:36:43,094 INFO     ___FILE_ONLY___ ═
2025-04-30 13:36:43,095 INFO     ___FILE_ONLY___ ═
2025-04-30 13:36:43,095 INFO     ___FILE_ONLY___ ═
2025-04-30 13:36:43,095 INFO     ___FILE_ONLY___ ═
2025-04-30 13:36:43,095 INFO     ___FILE_ONLY___ ═
2025-04-30 13:36:43,096 INFO     ___FILE_ONLY___ ═
2025-04-30 13:36:43,096 INFO     ___FILE_ONLY___ ═
2025-04-30 13:36:43,096 INFO     ___FILE_ONLY___ ═
2025-04-30 13:36:43,096 INFO     ___FILE_ONLY___ ═
2025-04-30 13:36:43,097 INFO     ___FILE_ONLY___ ═
2025-04-30 13:36:43,097 INFO     ___FILE_ONLY___ ═
2025-04-30 13:36:43,097 INFO     ___FILE_ONLY___ ═
2025-04-30 13:36:43,097 INFO     ___FILE_ONLY___ ═
2025-04-30 13:36:43,098 INFO     ___FILE_ONLY___ ═
2025-04-30 13:36:43,098 INFO     ___FILE_ONLY___ ═
2025-04-30 13:36:43,098 INFO     ___FILE_ONLY___ ═
2025-04-30 13:36:43,099 INFO     ___FILE_ONLY___ ═
2025-04-30 13:36:43,099 INFO     ___FILE_ONLY___ ═
2025-04-30 13:36:43,099 INFO     ___FILE_ONLY___ ═
2025-04-30 13:36:43,099 INFO     ___FILE_ONLY___ ═
2025-04-30 13:36:43,100 INFO     ___FILE_ONLY___ ═
2025-04-30 13:36:43,100 INFO     ___FILE_ONLY___ ═
2025-04-30 13:36:43,100 INFO     ___FILE_ONLY___ ═
2025-04-30 13:36:43,100 INFO     ___FILE_ONLY___ ═
2025-04-30 13:36:43,101 INFO     ___FILE_ONLY___ ═
2025-04-30 13:36:43,101 INFO     ___FILE_ONLY___ ═
2025-04-30 13:36:43,101 INFO     ___FILE_ONLY___ ═
2025-04-30 13:36:43,102 INFO     ___FILE_ONLY___ ═
2025-04-30 13:36:43,102 INFO     ___FILE_ONLY___ ═
2025-04-30 13:36:43,102 INFO     ___FILE_ONLY___ ═
2025-04-30 13:36:43,102 INFO     ___FILE_ONLY___ ═
2025-04-30 13:36:43,103 INFO     ___FILE_ONLY___ ═
2025-04-30 13:36:43,103 INFO     ___FILE_ONLY___ ═
2025-04-30 13:36:43,103 INFO     ___FILE_ONLY___ ═
2025-04-30 13:36:43,104 INFO     ___FILE_ONLY___ ═
2025-04-30 13:36:43,104 INFO     ___FILE_ONLY___ ═
2025-04-30 13:36:43,104 INFO     ___FILE_ONLY___ ═
2025-04-30 13:36:43,104 INFO     ___FILE_ONLY___ ═
2025-04-30 13:36:43,105 INFO     ___FILE_ONLY___ ═
2025-04-30 13:36:43,105 INFO     ___FILE_ONLY___ ═
2025-04-30 13:36:43,105 INFO     ___FILE_ONLY___ ═
2025-04-30 13:36:43,105 INFO     ___FILE_ONLY___ ═
2025-04-30 13:36:43,106 INFO     ___FILE_ONLY___ ═
2025-04-30 13:36:43,106 INFO     ___FILE_ONLY___ ═
2025-04-30 13:36:43,106 INFO     ___FILE_ONLY___ ╝

2025-04-30 13:36:43,108 INFO     ___FILE_ONLY___ ╔════════════════════════════════════════════════════════════╗

2025-04-30 13:36:43,109 INFO     ___FILE_ONLY___ ╠═ Downloading: Cloud Storage Command Line Tool (Platfor... ═╣

2025-04-30 13:36:43,109 INFO     ___FILE_ONLY___ ╚
2025-04-30 13:36:43,112 DEBUG    urllib3.connectionpool Starting new HTTPS connection (1): dl.google.com:443
2025-04-30 13:36:43,123 DEBUG    urllib3.connectionpool https://dl.google.com:443 "GET /dl/cloudsdk/channels/rapid/components/google-cloud-sdk-gsutil-nix-20240830134514.tar.gz HTTP/11" 200 1928
2025-04-30 13:36:43,124 INFO     ___FILE_ONLY___ ════════════════════════════════════════════════════════════
2025-04-30 13:36:43,124 INFO     ___FILE_ONLY___ ╝

2025-04-30 13:36:43,126 INFO     ___FILE_ONLY___ ╔════════════════════════════════════════════════════════════╗

2025-04-30 13:36:43,126 INFO     ___FILE_ONLY___ ╠═ Downloading: Default set of gcloud commands              ═╣

2025-04-30 13:36:43,126 INFO     ___FILE_ONLY___ ╚
2025-04-30 13:36:43,126 INFO     ___FILE_ONLY___ ════════════════════════════════════════════════════════════
2025-04-30 13:36:43,126 INFO     ___FILE_ONLY___ ╝

2025-04-30 13:36:43,128 INFO     ___FILE_ONLY___ ╔════════════════════════════════════════════════════════════╗

2025-04-30 13:36:43,128 INFO     ___FILE_ONLY___ ╠═ Downloading: Google Cloud CLI Core Libraries (Platfor... ═╣

2025-04-30 13:36:43,128 INFO     ___FILE_ONLY___ ╚
2025-04-30 13:36:43,131 DEBUG    urllib3.connectionpool Starting new HTTPS connection (1): dl.google.com:443
2025-04-30 13:36:43,145 DEBUG    urllib3.connectionpool https://dl.google.com:443 "GET /dl/cloudsdk/channels/rapid/components/google-cloud-sdk-core-nix-20240830134514.tar.gz HTTP/11" 200 2306
2025-04-30 13:36:43,146 INFO     ___FILE_ONLY___ ════════════════════════════════════════════════════════════
2025-04-30 13:36:43,146 INFO     ___FILE_ONLY___ ╝

2025-04-30 13:36:43,148 INFO     ___FILE_ONLY___ ╔════════════════════════════════════════════════════════════╗

2025-04-30 13:36:43,148 INFO     ___FILE_ONLY___ ╠═ Downloading: Google Cloud CRC32C Hash Tool               ═╣

2025-04-30 13:36:43,148 INFO     ___FILE_ONLY___ ╚
2025-04-30 13:36:43,148 INFO     ___FILE_ONLY___ ════════════════════════════════════════════════════════════
2025-04-30 13:36:43,148 INFO     ___FILE_ONLY___ ╝

2025-04-30 13:36:43,150 INFO     ___FILE_ONLY___ ╔════════════════════════════════════════════════════════════╗

2025-04-30 13:36:43,150 INFO     ___FILE_ONLY___ ╠═ Downloading: Google Cloud CRC32C Hash Tool (Platform ... ═╣

2025-04-30 13:36:43,150 INFO     ___FILE_ONLY___ ╚
2025-04-30 13:36:43,153 DEBUG    urllib3.connectionpool Starting new HTTPS connection (1): dl.google.com:443
2025-04-30 13:36:43,163 DEBUG    urllib3.connectionpool https://dl.google.com:443 "GET /dl/cloudsdk/channels/rapid/components/google-cloud-sdk-gcloud-crc32c-linux-x86_64-20250110133808.tar.gz HTTP/11" 200 1478989
2025-04-30 13:36:43,176 INFO     ___FILE_ONLY___ ═
2025-04-30 13:36:43,176 INFO     ___FILE_ONLY___ ═
2025-04-30 13:36:43,176 INFO     ___FILE_ONLY___ ═
2025-04-30 13:36:43,176 INFO     ___FILE_ONLY___ ═
2025-04-30 13:36:43,176 INFO     ___FILE_ONLY___ ═
2025-04-30 13:36:43,176 INFO     ___FILE_ONLY___ ═
2025-04-30 13:36:43,176 INFO     ___FILE_ONLY___ ═
2025-04-30 13:36:43,177 INFO     ___FILE_ONLY___ ═
2025-04-30 13:36:43,177 INFO     ___FILE_ONLY___ ═
2025-04-30 13:36:43,177 INFO     ___FILE_ONLY___ ═
2025-04-30 13:36:43,177 INFO     ___FILE_ONLY___ ═
2025-04-30 13:36:43,177 INFO     ___FILE_ONLY___ ═
2025-04-30 13:36:43,177 INFO     ___FILE_ONLY___ ═
2025-04-30 13:36:43,177 INFO     ___FILE_ONLY___ ═
2025-04-30 13:36:43,177 INFO     ___FILE_ONLY___ ═
2025-04-30 13:36:43,177 INFO     ___FILE_ONLY___ ═
2025-04-30 13:36:43,177 INFO     ___FILE_ONLY___ ═
2025-04-30 13:36:43,177 INFO     ___FILE_ONLY___ ═
2025-04-30 13:36:43,177 INFO     ___FILE_ONLY___ ═
2025-04-30 13:36:43,178 INFO     ___FILE_ONLY___ ═
2025-04-30 13:36:43,178 INFO     ___FILE_ONLY___ ═
2025-04-30 13:36:43,178 INFO     ___FILE_ONLY___ ═
2025-04-30 13:36:43,178 INFO     ___FILE_ONLY___ ═
2025-04-30 13:36:43,178 INFO     ___FILE_ONLY___ ═
2025-04-30 13:36:43,178 INFO     ___FILE_ONLY___ ═
2025-04-30 13:36:43,178 INFO     ___FILE_ONLY___ ═
2025-04-30 13:36:43,178 INFO     ___FILE_ONLY___ ═
2025-04-30 13:36:43,178 INFO     ___FILE_ONLY___ ═
2025-04-30 13:36:43,178 INFO     ___FILE_ONLY___ ═
2025-04-30 13:36:43,178 INFO     ___FILE_ONLY___ ═
2025-04-30 13:36:43,178 INFO     ___FILE_ONLY___ ═
2025-04-30 13:36:43,178 INFO     ___FILE_ONLY___ ═
2025-04-30 13:36:43,179 INFO     ___FILE_ONLY___ ═
2025-04-30 13:36:43,179 INFO     ___FILE_ONLY___ ═
2025-04-30 13:36:43,179 INFO     ___FILE_ONLY___ ═
2025-04-30 13:36:43,179 INFO     ___FILE_ONLY___ ═
2025-04-30 13:36:43,179 INFO     ___FILE_ONLY___ ═
2025-04-30 13:36:43,179 INFO     ___FILE_ONLY___ ═
2025-04-30 13:36:43,179 INFO     ___FILE_ONLY___ ═
2025-04-30 13:36:43,179 INFO     ___FILE_ONLY___ ═
2025-04-30 13:36:43,179 INFO     ___FILE_ONLY___ ═
2025-04-30 13:36:43,179 INFO     ___FILE_ONLY___ ═
2025-04-30 13:36:43,179 INFO     ___FILE_ONLY___ ═
2025-04-30 13:36:43,180 INFO     ___FILE_ONLY___ ═
2025-04-30 13:36:43,180 INFO     ___FILE_ONLY___ ═
2025-04-30 13:36:43,180 INFO     ___FILE_ONLY___ ═
2025-04-30 13:36:43,180 INFO     ___FILE_ONLY___ ═
2025-04-30 13:36:43,180 INFO     ___FILE_ONLY___ ═
2025-04-30 13:36:43,180 INFO     ___FILE_ONLY___ ═
2025-04-30 13:36:43,180 INFO     ___FILE_ONLY___ ═
2025-04-30 13:36:43,180 INFO     ___FILE_ONLY___ ═
2025-04-30 13:36:43,180 INFO     ___FILE_ONLY___ ═
2025-04-30 13:36:43,180 INFO     ___FILE_ONLY___ ═
2025-04-30 13:36:43,180 INFO     ___FILE_ONLY___ ═
2025-04-30 13:36:43,180 INFO     ___FILE_ONLY___ ═
2025-04-30 13:36:43,181 INFO     ___FILE_ONLY___ ═
2025-04-30 13:36:43,181 INFO     ___FILE_ONLY___ ═
2025-04-30 13:36:43,181 INFO     ___FILE_ONLY___ ═
2025-04-30 13:36:43,181 INFO     ___FILE_ONLY___ ═
2025-04-30 13:36:43,181 INFO     ___FILE_ONLY___ ═
2025-04-30 13:36:43,181 INFO     ___FILE_ONLY___ ╝

2025-04-30 13:36:43,183 INFO     ___FILE_ONLY___ ╔════════════════════════════════════════════════════════════╗

2025-04-30 13:36:43,183 INFO     ___FILE_ONLY___ ╠═ Downloading: gcloud cli dependencies (Platform Specific) ═╣

2025-04-30 13:36:43,183 INFO     ___FILE_ONLY___ ╚
2025-04-30 13:36:43,186 DEBUG    urllib3.connectionpool Starting new HTTPS connection (1): dl.google.com:443
2025-04-30 13:36:43,200 DEBUG    urllib3.connectionpool https://dl.google.com:443 "GET /dl/cloudsdk/channels/rapid/components/google-cloud-sdk-gcloud-deps-linux-x86_64-20210416153011.tar.gz HTTP/11" 200 104
2025-04-30 13:36:43,201 INFO     ___FILE_ONLY___ ════════════════════════════════════════════════════════════
2025-04-30 13:36:43,201 INFO     ___FILE_ONLY___ ╝

2025-04-30 13:36:43,203 INFO     ___FILE_ONLY___ ╔════════════════════════════════════════════════════════════╗

2025-04-30 13:36:43,203 INFO     ___FILE_ONLY___ ╠═ Installing: BigQuery Command Line Tool                   ═╣

2025-04-30 13:36:43,203 INFO     ___FILE_ONLY___ ╚
2025-04-30 13:36:43,298 INFO     ___FILE_ONLY___ ═
2025-04-30 13:36:43,301 INFO     ___FILE_ONLY___ ═
2025-04-30 13:36:43,303 INFO     ___FILE_ONLY___ ═
2025-04-30 13:36:43,305 INFO     ___FILE_ONLY___ ═
2025-04-30 13:36:43,308 INFO     ___FILE_ONLY___ ═
2025-04-30 13:36:43,311 INFO     ___FILE_ONLY___ ═
2025-04-30 13:36:43,313 INFO     ___FILE_ONLY___ ═
2025-04-30 13:36:43,315 INFO     ___FILE_ONLY___ ═
2025-04-30 13:36:43,317 INFO     ___FILE_ONLY___ ═
2025-04-30 13:36:43,319 INFO     ___FILE_ONLY___ ═
2025-04-30 13:36:43,321 INFO     ___FILE_ONLY___ ═
2025-04-30 13:36:43,323 INFO     ___FILE_ONLY___ ═
2025-04-30 13:36:43,326 INFO     ___FILE_ONLY___ ═
2025-04-30 13:36:43,328 INFO     ___FILE_ONLY___ ═
2025-04-30 13:36:43,330 INFO     ___FILE_ONLY___ ═
2025-04-30 13:36:43,333 INFO     ___FILE_ONLY___ ═
2025-04-30 13:36:43,335 INFO     ___FILE_ONLY___ ═
2025-04-30 13:36:43,337 INFO     ___FILE_ONLY___ ═
2025-04-30 13:36:43,340 INFO     ___FILE_ONLY___ ═
2025-04-30 13:36:43,343 INFO     ___FILE_ONLY___ ═
2025-04-30 13:36:43,346 INFO     ___FILE_ONLY___ ═
2025-04-30 13:36:43,348 INFO     ___FILE_ONLY___ ═
2025-04-30 13:36:43,351 INFO     ___FILE_ONLY___ ═
2025-04-30 13:36:43,353 INFO     ___FILE_ONLY___ ═
2025-04-30 13:36:43,354 INFO     ___FILE_ONLY___ ═
2025-04-30 13:36:43,357 INFO     ___FILE_ONLY___ ═
2025-04-30 13:36:43,359 INFO     ___FILE_ONLY___ ═
2025-04-30 13:36:43,361 INFO     ___FILE_ONLY___ ═
2025-04-30 13:36:43,364 INFO     ___FILE_ONLY___ ═
2025-04-30 13:36:43,368 INFO     ___FILE_ONLY___ ═
2025-04-30 13:36:43,369 INFO     ___FILE_ONLY___ ═
2025-04-30 13:36:43,372 INFO     ___FILE_ONLY___ ═
2025-04-30 13:36:43,374 INFO     ___FILE_ONLY___ ═
2025-04-30 13:36:43,377 INFO     ___FILE_ONLY___ ═
2025-04-30 13:36:43,380 INFO     ___FILE_ONLY___ ═
2025-04-30 13:36:43,391 INFO     ___FILE_ONLY___ ═
2025-04-30 13:36:43,393 INFO     ___FILE_ONLY___ ═
2025-04-30 13:36:43,398 INFO     ___FILE_ONLY___ ═
2025-04-30 13:36:43,400 INFO     ___FILE_ONLY___ ═
2025-04-30 13:36:43,403 INFO     ___FILE_ONLY___ ═
2025-04-30 13:36:43,405 INFO     ___FILE_ONLY___ ═
2025-04-30 13:36:43,407 INFO     ___FILE_ONLY___ ═
2025-04-30 13:36:43,411 INFO     ___FILE_ONLY___ ═
2025-04-30 13:36:43,415 INFO     ___FILE_ONLY___ ═
2025-04-30 13:36:43,417 INFO     ___FILE_ONLY___ ═
2025-04-30 13:36:43,420 INFO     ___FILE_ONLY___ ═
2025-04-30 13:36:43,422 INFO     ___FILE_ONLY___ ═
2025-04-30 13:36:43,424 INFO     ___FILE_ONLY___ ═
2025-04-30 13:36:43,426 INFO     ___FILE_ONLY___ ═
2025-04-30 13:36:43,429 INFO     ___FILE_ONLY___ ═
2025-04-30 13:36:43,431 INFO     ___FILE_ONLY___ ═
2025-04-30 13:36:43,433 INFO     ___FILE_ONLY___ ═
2025-04-30 13:36:43,435 INFO     ___FILE_ONLY___ ═
2025-04-30 13:36:43,438 INFO     ___FILE_ONLY___ ═
2025-04-30 13:36:43,440 INFO     ___FILE_ONLY___ ═
2025-04-30 13:36:43,442 INFO     ___FILE_ONLY___ ═
2025-04-30 13:36:43,444 INFO     ___FILE_ONLY___ ═
2025-04-30 13:36:43,446 INFO     ___FILE_ONLY___ ═
2025-04-30 13:36:43,448 INFO     ___FILE_ONLY___ ═
2025-04-30 13:36:43,450 INFO     ___FILE_ONLY___ ═
2025-04-30 13:36:43,450 INFO     ___FILE_ONLY___ ╝

2025-04-30 13:36:43,458 INFO     ___FILE_ONLY___ ╔════════════════════════════════════════════════════════════╗

2025-04-30 13:36:43,458 INFO     ___FILE_ONLY___ ╠═ Installing: BigQuery Command Line Tool (Platform Spec... ═╣

2025-04-30 13:36:43,458 INFO     ___FILE_ONLY___ ╚
2025-04-30 13:36:43,459 INFO     ___FILE_ONLY___ ════════════════════════════════════════════════════════════
2025-04-30 13:36:43,459 INFO     ___FILE_ONLY___ ╝

2025-04-30 13:36:43,465 INFO     ___FILE_ONLY___ ╔════════════════════════════════════════════════════════════╗

2025-04-30 13:36:43,465 INFO     ___FILE_ONLY___ ╠═ Installing: Bundled Python 3.12                          ═╣

2025-04-30 13:36:43,465 INFO     ___FILE_ONLY___ ╚
2025-04-30 13:36:43,467 INFO     ___FILE_ONLY___ ════════════════════════════════════════════════════════════
2025-04-30 13:36:43,467 INFO     ___FILE_ONLY___ ╝

2025-04-30 13:36:43,469 INFO     ___FILE_ONLY___ ╔════════════════════════════════════════════════════════════╗

2025-04-30 13:36:43,469 INFO     ___FILE_ONLY___ ╠═ Installing: Bundled Python 3.12 (Platform Specific)      ═╣

2025-04-30 13:36:43,469 INFO     ___FILE_ONLY___ ╚
2025-04-30 13:36:46,536 INFO     ___FILE_ONLY___ ═
2025-04-30 13:36:47,019 INFO     ___FILE_ONLY___ ═
2025-04-30 13:36:47,039 INFO     ___FILE_ONLY___ ═
2025-04-30 13:36:47,073 INFO     ___FILE_ONLY___ ═
2025-04-30 13:36:47,093 INFO     ___FILE_ONLY___ ═
2025-04-30 13:36:47,107 INFO     ___FILE_ONLY___ ═
2025-04-30 13:36:47,138 INFO     ___FILE_ONLY___ ═
2025-04-30 13:36:47,160 INFO     ___FILE_ONLY___ ═
2025-04-30 13:36:47,181 INFO     ___FILE_ONLY___ ═
2025-04-30 13:36:47,199 INFO     ___FILE_ONLY___ ═
2025-04-30 13:36:47,216 INFO     ___FILE_ONLY___ ═
2025-04-30 13:36:47,241 INFO     ___FILE_ONLY___ ═
2025-04-30 13:36:47,388 INFO     ___FILE_ONLY___ ═
2025-04-30 13:36:47,407 INFO     ___FILE_ONLY___ ═
2025-04-30 13:36:47,424 INFO     ___FILE_ONLY___ ═
2025-04-30 13:36:47,442 INFO     ___FILE_ONLY___ ═
2025-04-30 13:36:47,458 INFO     ___FILE_ONLY___ ═
2025-04-30 13:36:47,476 INFO     ___FILE_ONLY___ ═
2025-04-30 13:36:47,496 INFO     ___FILE_ONLY___ ═
2025-04-30 13:36:47,518 INFO     ___FILE_ONLY___ ═
2025-04-30 13:36:47,536 INFO     ___FILE_ONLY___ ═
2025-04-30 13:36:47,636 INFO     ___FILE_ONLY___ ═
2025-04-30 13:36:47,659 INFO     ___FILE_ONLY___ ═
2025-04-30 13:36:48,178 INFO     ___FILE_ONLY___ ═
2025-04-30 13:36:48,195 INFO     ___FILE_ONLY___ ═
2025-04-30 13:36:48,211 INFO     ___FILE_ONLY___ ═
2025-04-30 13:36:48,225 INFO     ___FILE_ONLY___ ═
2025-04-30 13:36:48,238 INFO     ___FILE_ONLY___ ═
2025-04-30 13:36:48,252 INFO     ___FILE_ONLY___ ═
2025-04-30 13:36:48,266 INFO     ___FILE_ONLY___ ═
2025-04-30 13:36:48,279 INFO     ___FILE_ONLY___ ═
2025-04-30 13:36:48,292 INFO     ___FILE_ONLY___ ═
2025-04-30 13:36:48,305 INFO     ___FILE_ONLY___ ═
2025-04-30 13:36:48,319 INFO     ___FILE_ONLY___ ═
2025-04-30 13:36:48,332 INFO     ___FILE_ONLY___ ═
2025-04-30 13:36:48,345 INFO     ___FILE_ONLY___ ═
2025-04-30 13:36:48,359 INFO     ___FILE_ONLY___ ═
2025-04-30 13:36:48,372 INFO     ___FILE_ONLY___ ═
2025-04-30 13:36:48,385 INFO     ___FILE_ONLY___ ═
2025-04-30 13:36:48,399 INFO     ___FILE_ONLY___ ═
2025-04-30 13:36:48,413 INFO     ___FILE_ONLY___ ═
2025-04-30 13:36:48,426 INFO     ___FILE_ONLY___ ═
2025-04-30 13:36:48,439 INFO     ___FILE_ONLY___ ═
2025-04-30 13:36:48,453 INFO     ___FILE_ONLY___ ═
2025-04-30 13:36:48,467 INFO     ___FILE_ONLY___ ═
2025-04-30 13:36:48,480 INFO     ___FILE_ONLY___ ═
2025-04-30 13:36:48,494 INFO     ___FILE_ONLY___ ═
2025-04-30 13:36:48,508 INFO     ___FILE_ONLY___ ═
2025-04-30 13:36:48,522 INFO     ___FILE_ONLY___ ═
2025-04-30 13:36:48,536 INFO     ___FILE_ONLY___ ═
2025-04-30 13:36:48,549 INFO     ___FILE_ONLY___ ═
2025-04-30 13:36:48,562 INFO     ___FILE_ONLY___ ═
2025-04-30 13:36:48,576 INFO     ___FILE_ONLY___ ═
2025-04-30 13:36:48,589 INFO     ___FILE_ONLY___ ═
2025-04-30 13:36:48,603 INFO     ___FILE_ONLY___ ═
2025-04-30 13:36:48,617 INFO     ___FILE_ONLY___ ═
2025-04-30 13:36:48,630 INFO     ___FILE_ONLY___ ═
2025-04-30 13:36:48,644 INFO     ___FILE_ONLY___ ═
2025-04-30 13:36:48,658 INFO     ___FILE_ONLY___ ═
2025-04-30 13:36:48,671 INFO     ___FILE_ONLY___ ═
2025-04-30 13:36:48,672 INFO     ___FILE_ONLY___ ╝

2025-04-30 13:36:48,724 INFO     ___FILE_ONLY___ ╔════════════════════════════════════════════════════════════╗

2025-04-30 13:36:48,724 INFO     ___FILE_ONLY___ ╠═ Installing: Cloud Storage Command Line Tool              ═╣

2025-04-30 13:36:48,724 INFO     ___FILE_ONLY___ ╚
2025-04-30 13:36:49,241 INFO     ___FILE_ONLY___ ═
2025-04-30 13:36:49,252 INFO     ___FILE_ONLY___ ═
2025-04-30 13:36:49,261 INFO     ___FILE_ONLY___ ═
2025-04-30 13:36:49,271 INFO     ___FILE_ONLY___ ═
2025-04-30 13:36:49,280 INFO     ___FILE_ONLY___ ═
2025-04-30 13:36:49,314 INFO     ___FILE_ONLY___ ═
2025-04-30 13:36:49,326 INFO     ___FILE_ONLY___ ═
2025-04-30 13:36:49,340 INFO     ___FILE_ONLY___ ═
2025-04-30 13:36:49,351 INFO     ___FILE_ONLY___ ═
2025-04-30 13:36:49,367 INFO     ___FILE_ONLY___ ═
2025-04-30 13:36:49,378 INFO     ___FILE_ONLY___ ═
2025-04-30 13:36:49,388 INFO     ___FILE_ONLY___ ═
2025-04-30 13:36:49,398 INFO     ___FILE_ONLY___ ═
2025-04-30 13:36:49,406 INFO     ___FILE_ONLY___ ═
2025-04-30 13:36:49,416 INFO     ___FILE_ONLY___ ═
2025-04-30 13:36:49,431 INFO     ___FILE_ONLY___ ═
2025-04-30 13:36:49,443 INFO     ___FILE_ONLY___ ═
2025-04-30 13:36:49,452 INFO     ___FILE_ONLY___ ═
2025-04-30 13:36:49,464 INFO     ___FILE_ONLY___ ═
2025-04-30 13:36:49,473 INFO     ___FILE_ONLY___ ═
2025-04-30 13:36:49,483 INFO     ___FILE_ONLY___ ═
2025-04-30 13:36:49,493 INFO     ___FILE_ONLY___ ═
2025-04-30 13:36:49,503 INFO     ___FILE_ONLY___ ═
2025-04-30 13:36:49,512 INFO     ___FILE_ONLY___ ═
2025-04-30 13:36:49,521 INFO     ___FILE_ONLY___ ═
2025-04-30 13:36:49,530 INFO     ___FILE_ONLY___ ═
2025-04-30 13:36:49,542 INFO     ___FILE_ONLY___ ═
2025-04-30 13:36:49,558 INFO     ___FILE_ONLY___ ═
2025-04-30 13:36:49,569 INFO     ___FILE_ONLY___ ═
2025-04-30 13:36:49,579 INFO     ___FILE_ONLY___ ═
2025-04-30 13:36:49,598 INFO     ___FILE_ONLY___ ═
2025-04-30 13:36:49,613 INFO     ___FILE_ONLY___ ═
2025-04-30 13:36:49,630 INFO     ___FILE_ONLY___ ═
2025-04-30 13:36:49,647 INFO     ___FILE_ONLY___ ═
2025-04-30 13:36:49,662 INFO     ___FILE_ONLY___ ═
2025-04-30 13:36:49,673 INFO     ___FILE_ONLY___ ═
2025-04-30 13:36:49,682 INFO     ___FILE_ONLY___ ═
2025-04-30 13:36:49,696 INFO     ___FILE_ONLY___ ═
2025-04-30 13:36:49,710 INFO     ___FILE_ONLY___ ═
2025-04-30 13:36:49,721 INFO     ___FILE_ONLY___ ═
2025-04-30 13:36:49,731 INFO     ___FILE_ONLY___ ═
2025-04-30 13:36:49,740 INFO     ___FILE_ONLY___ ═
2025-04-30 13:36:49,750 INFO     ___FILE_ONLY___ ═
2025-04-30 13:36:49,760 INFO     ___FILE_ONLY___ ═
2025-04-30 13:36:49,769 INFO     ___FILE_ONLY___ ═
2025-04-30 13:36:49,779 INFO     ___FILE_ONLY___ ═
2025-04-30 13:36:49,787 INFO     ___FILE_ONLY___ ═
2025-04-30 13:36:49,796 INFO     ___FILE_ONLY___ ═
2025-04-30 13:36:49,807 INFO     ___FILE_ONLY___ ═
2025-04-30 13:36:49,818 INFO     ___FILE_ONLY___ ═
2025-04-30 13:36:49,831 INFO     ___FILE_ONLY___ ═
2025-04-30 13:36:49,844 INFO     ___FILE_ONLY___ ═
2025-04-30 13:36:49,858 INFO     ___FILE_ONLY___ ═
2025-04-30 13:36:49,873 INFO     ___FILE_ONLY___ ═
2025-04-30 13:36:49,885 INFO     ___FILE_ONLY___ ═
2025-04-30 13:36:49,899 INFO     ___FILE_ONLY___ ═
2025-04-30 13:36:49,914 INFO     ___FILE_ONLY___ ═
2025-04-30 13:36:49,934 INFO     ___FILE_ONLY___ ═
2025-04-30 13:36:49,950 INFO     ___FILE_ONLY___ ═
2025-04-30 13:36:49,967 INFO     ___FILE_ONLY___ ═
2025-04-30 13:36:49,967 INFO     ___FILE_ONLY___ ╝

2025-04-30 13:36:49,996 INFO     ___FILE_ONLY___ ╔════════════════════════════════════════════════════════════╗

2025-04-30 13:36:49,996 INFO     ___FILE_ONLY___ ╠═ Installing: Cloud Storage Command Line Tool (Platform... ═╣

2025-04-30 13:36:49,997 INFO     ___FILE_ONLY___ ╚
2025-04-30 13:36:49,997 INFO     ___FILE_ONLY___ ════════════════════════════════════════════════════════════
2025-04-30 13:36:49,997 INFO     ___FILE_ONLY___ ╝

2025-04-30 13:36:50,002 INFO     ___FILE_ONLY___ ╔════════════════════════════════════════════════════════════╗

2025-04-30 13:36:50,002 INFO     ___FILE_ONLY___ ╠═ Installing: Default set of gcloud commands               ═╣

2025-04-30 13:36:50,002 INFO     ___FILE_ONLY___ ╚
2025-04-30 13:36:50,004 INFO     ___FILE_ONLY___ ════════════════════════════════════════════════════════════
2025-04-30 13:36:50,004 INFO     ___FILE_ONLY___ ╝

2025-04-30 13:36:50,006 INFO     ___FILE_ONLY___ ╔════════════════════════════════════════════════════════════╗

2025-04-30 13:36:50,006 INFO     ___FILE_ONLY___ ╠═ Installing: Google Cloud CLI Core Libraries (Platform... ═╣

2025-04-30 13:36:50,006 INFO     ___FILE_ONLY___ ╚
2025-04-30 13:36:50,007 INFO     ___FILE_ONLY___ ══════════════════════════════
2025-04-30 13:36:50,007 INFO     ___FILE_ONLY___ ══════════════════════════════
2025-04-30 13:36:50,007 INFO     ___FILE_ONLY___ ╝

2025-04-30 13:36:50,011 INFO     ___FILE_ONLY___ ╔════════════════════════════════════════════════════════════╗

2025-04-30 13:36:50,011 INFO     ___FILE_ONLY___ ╠═ Installing: Google Cloud CRC32C Hash Tool                ═╣

2025-04-30 13:36:50,011 INFO     ___FILE_ONLY___ ╚
2025-04-30 13:36:50,013 INFO     ___FILE_ONLY___ ════════════════════════════════════════════════════════════
2025-04-30 13:36:50,014 INFO     ___FILE_ONLY___ ╝

2025-04-30 13:36:50,015 INFO     ___FILE_ONLY___ ╔════════════════════════════════════════════════════════════╗

2025-04-30 13:36:50,015 INFO     ___FILE_ONLY___ ╠═ Installing: Google Cloud CRC32C Hash Tool (Platform S... ═╣

2025-04-30 13:36:50,015 INFO     ___FILE_ONLY___ ╚
2025-04-30 13:36:50,052 INFO     ___FILE_ONLY___ ══════════════════════════════
2025-04-30 13:36:50,053 INFO     ___FILE_ONLY___ ══════════════════════════════
2025-04-30 13:36:50,053 INFO     ___FILE_ONLY___ ╝

2025-04-30 13:36:50,058 INFO     ___FILE_ONLY___ ╔════════════════════════════════════════════════════════════╗

2025-04-30 13:36:50,058 INFO     ___FILE_ONLY___ ╠═ Installing: gcloud cli dependencies (Platform Specific)  ═╣

2025-04-30 13:36:50,058 INFO     ___FILE_ONLY___ ╚
2025-04-30 13:36:50,058 INFO     ___FILE_ONLY___ ════════════════════════════════════════════════════════════
2025-04-30 13:36:50,058 INFO     ___FILE_ONLY___ ╝

2025-04-30 13:36:50,063 DEBUG    root            Updating notification cache...
2025-04-30 13:36:50,063 INFO     ___FILE_ONLY___ 

2025-04-30 13:36:50,065 INFO     ___FILE_ONLY___ Performing post processing steps...
2025-04-30 13:36:50,065 DEBUG    root            Executing command: ['/tools/google-cloud-sdk/bin/gcloud', 'components', 'post-process']
2025-04-30 13:36:58,160 DEBUG    ___FILE_ONLY___ 
2025-04-30 13:36:58,160 DEBUG    ___FILE_ONLY___ 
2025-04-30 13:36:58,350 INFO     root            descriptor_list: [{'universeDomain': 'googleapis.com', 'universeShortName': '', 'authenticationDomain': 'auth.cloud.google.com', 'projectPrefix': '', 'cloudWebDomain': 'cloud.google.com', 'documentationDomain': 'cloud.google.com', 'version': '1.0.0', 'state': 'primary', 'artifactRegistryDomain': 'pkg.dev'}]
2025-04-30 13:36:58,350 INFO     ___FILE_ONLY___ 
Update done!


2025-04-30 13:36:58,353 DEBUG    root            Chosen display Format:none
2025-04-30 13:36:58,353 INFO     root            Display format: "none"
